/Users/tiago/.local/share/mise/installs/ruby/3.4.5/lib/ruby/gems/3.4.0/gems/sqlite3-2.9.1-arm64-darwin/lib/sqlite3/statement.rb:125:in 'SQLite3::Statement#step': SQLite3::SQLException: no such table: solid_queue_pauses (ActiveRecord::StatementInvalid)
	from /Users/tiago/.local/share/mise/installs/ruby/3.4.5/lib/ruby/gems/3.4.0/gems/sqlite3-2.9.1-arm64-darwin/lib/sqlite3/statement.rb:125:in 'block in SQLite3::Statement#each'
	from <internal:kernel>:168:in 'Kernel#loop'
	from /Users/tiago/.local/share/mise/installs/ruby/3.4.5/lib/ruby/gems/3.4.0/gems/sqlite3-2.9.1-arm64-darwin/lib/sqlite3/statement.rb:124:in 'SQLite3::Statement#each'
	from /Users/tiago/.local/share/mise/installs/ruby/3.4.5/lib/ruby/gems/3.4.0/gems/activerecord-8.1.2/lib/active_record/connection_adapters/sqlite3/database_statements.rb:115:in 'Enumerable#to_a'
	from /Users/tiago/.local/share/mise/installs/ruby/3.4.5/lib/ruby/gems/3.4.0/gems/activerecord-8.1.2/lib/active_record/connection_adapters/sqlite3/database_statements.rb:115:in 'ActiveRecord::ConnectionAdapters::SQLite3::DatabaseStatements#perform_query'
	from /Users/tiago/.local/share/mise/installs/ruby/3.4.5/lib/ruby/gems/3.4.0/gems/activerecord-8.1.2/lib/active_record/connection_adapters/abstract/database_statements.rb:571:in 'block (2 levels) in ActiveRecord::ConnectionAdapters::DatabaseStatements#raw_execute'
	from /Users/tiago/.local/share/mise/installs/ruby/3.4.5/lib/ruby/gems/3.4.0/gems/activerecord-8.1.2/lib/active_record/connection_adapters/abstract_adapter.rb:1086:in 'block in ActiveRecord::ConnectionAdapters::AbstractAdapter#with_raw_connection'
	from /Users/tiago/.local/share/mise/installs/ruby/3.4.5/lib/ruby/gems/3.4.0/gems/activesupport-8.1.2/lib/active_support/concurrency/null_lock.rb:9:in 'ActiveSupport::Concurrency::NullLock#synchronize'
	from /Users/tiago/.local/share/mise/installs/ruby/3.4.5/lib/ruby/gems/3.4.0/gems/activerecord-8.1.2/lib/active_record/connection_adapters/abstract_adapter.rb:1055:in 'ActiveRecord::ConnectionAdapters::AbstractAdapter#with_raw_connection'
	from /Users/tiago/.local/share/mise/installs/ruby/3.4.5/lib/ruby/gems/3.4.0/gems/activerecord-8.1.2/lib/active_record/connection_adapters/abstract/database_statements.rb:570:in 'block in ActiveRecord::ConnectionAdapters::DatabaseStatements#raw_execute'
	from /Users/tiago/.local/share/mise/installs/ruby/3.4.5/lib/ruby/gems/3.4.0/gems/activesupport-8.1.2/lib/active_support/notifications/instrumenter.rb:58:in 'ActiveSupport::Notifications::Instrumenter#instrument'
	from /Users/tiago/.local/share/mise/installs/ruby/3.4.5/lib/ruby/gems/3.4.0/gems/activerecord-8.1.2/lib/active_record/connection_adapters/abstract_adapter.rb:1206:in 'ActiveRecord::ConnectionAdapters::AbstractAdapter#log'
	from /Users/tiago/.local/share/mise/installs/ruby/3.4.5/lib/ruby/gems/3.4.0/gems/activerecord-8.1.2/lib/active_record/connection_adapters/abstract/database_statements.rb:569:in 'ActiveRecord::ConnectionAdapters::DatabaseStatements#raw_execute'
	from /Users/tiago/.local/share/mise/installs/ruby/3.4.5/lib/ruby/gems/3.4.0/gems/activerecord-8.1.2/lib/active_record/connection_adapters/abstract/database_statements.rb:613:in 'ActiveRecord::ConnectionAdapters::DatabaseStatements#internal_execute'
	from /Users/tiago/.local/share/mise/installs/ruby/3.4.5/lib/ruby/gems/3.4.0/gems/activerecord-8.1.2/lib/active_record/connection_adapters/abstract/database_statements.rb:555:in 'ActiveRecord::ConnectionAdapters::DatabaseStatements#internal_exec_query'
	from /Users/tiago/.local/share/mise/installs/ruby/3.4.5/lib/ruby/gems/3.4.0/gems/activerecord-8.1.2/lib/active_record/connection_adapters/abstract/database_statements.rb:708:in 'ActiveRecord::ConnectionAdapters::DatabaseStatements#select'
	from /Users/tiago/.local/share/mise/installs/ruby/3.4.5/lib/ruby/gems/3.4.0/gems/activerecord-8.1.2/lib/active_record/connection_adapters/abstract/database_statements.rb:76:in 'ActiveRecord::ConnectionAdapters::DatabaseStatements#select_all'
	from /Users/tiago/.local/share/mise/installs/ruby/3.4.5/lib/ruby/gems/3.4.0/gems/activerecord-8.1.2/lib/active_record/connection_adapters/abstract/query_cache.rb:275:in 'block in ActiveRecord::ConnectionAdapters::QueryCache#select_all'
	from /Users/tiago/.local/share/mise/installs/ruby/3.4.5/lib/ruby/gems/3.4.0/gems/activerecord-8.1.2/lib/active_record/connection_adapters/abstract/query_cache.rb:313:in 'block (2 levels) in ActiveRecord::ConnectionAdapters::QueryCache#cache_sql'
	from /Users/tiago/.local/share/mise/installs/ruby/3.4.5/lib/ruby/gems/3.4.0/gems/activerecord-8.1.2/lib/active_record/connection_adapters/abstract/query_cache.rb:90:in 'ActiveRecord::ConnectionAdapters::QueryCache::Store#compute_if_absent'
	from /Users/tiago/.local/share/mise/installs/ruby/3.4.5/lib/ruby/gems/3.4.0/gems/activerecord-8.1.2/lib/active_record/connection_adapters/abstract/query_cache.rb:311:in 'block in ActiveRecord::ConnectionAdapters::QueryCache#cache_sql'
	from /Users/tiago/.local/share/mise/installs/ruby/3.4.5/lib/ruby/gems/3.4.0/gems/activesupport-8.1.2/lib/active_support/concurrency/null_lock.rb:9:in 'ActiveSupport::Concurrency::NullLock#synchronize'
	from /Users/tiago/.local/share/mise/installs/ruby/3.4.5/lib/ruby/gems/3.4.0/gems/activerecord-8.1.2/lib/active_record/connection_adapters/abstract/query_cache.rb:310:in 'ActiveRecord::ConnectionAdapters::QueryCache#cache_sql'
	from /Users/tiago/.local/share/mise/installs/ruby/3.4.5/lib/ruby/gems/3.4.0/gems/activerecord-8.1.2/lib/active_record/connection_adapters/abstract/query_cache.rb:275:in 'ActiveRecord::ConnectionAdapters::QueryCache#select_all'
	from /Users/tiago/.local/share/mise/installs/ruby/3.4.5/lib/ruby/gems/3.4.0/gems/activerecord-8.1.2/lib/active_record/relation/calculations.rb:326:in 'block (2 levels) in ActiveRecord::Calculations#pluck'
	from /Users/tiago/.local/share/mise/installs/ruby/3.4.5/lib/ruby/gems/3.4.0/gems/activerecord-8.1.2/lib/active_record/connection_adapters/abstract/connection_pool.rb:463:in 'ActiveRecord::ConnectionAdapters::ConnectionPool#with_connection'
	from /Users/tiago/.local/share/mise/installs/ruby/3.4.5/lib/ruby/gems/3.4.0/gems/activerecord-8.1.2/lib/active_record/connection_handling.rb:313:in 'ActiveRecord::ConnectionHandling#with_connection'
	from /Users/tiago/.local/share/mise/installs/ruby/3.4.5/lib/ruby/gems/3.4.0/gems/activerecord-8.1.2/lib/active_record/relation/calculations.rb:325:in 'block in ActiveRecord::Calculations#pluck'
	from /Users/tiago/.local/share/mise/installs/ruby/3.4.5/lib/ruby/gems/3.4.0/gems/activerecord-8.1.2/lib/active_record/relation.rb:1494:in 'ActiveRecord::Relation#skip_query_cache_if_necessary'
	from /Users/tiago/.local/share/mise/installs/ruby/3.4.5/lib/ruby/gems/3.4.0/gems/activerecord-8.1.2/lib/active_record/relation/calculations.rb:321:in 'ActiveRecord::Calculations#pluck'
	from /Users/tiago/.local/share/mise/installs/ruby/3.4.5/lib/ruby/gems/3.4.0/gems/solid_queue-1.3.2/app/models/solid_queue/queue_selector.rb:73:in 'SolidQueue::QueueSelector#paused_queues'
	from /Users/tiago/.local/share/mise/installs/ruby/3.4.5/lib/ruby/gems/3.4.0/gems/solid_queue-1.3.2/app/models/solid_queue/queue_selector.rb:23:in 'SolidQueue::QueueSelector#all?'
	from /Users/tiago/.local/share/mise/installs/ruby/3.4.5/lib/ruby/gems/3.4.0/gems/solid_queue-1.3.2/app/models/solid_queue/queue_selector.rb:14:in 'SolidQueue::QueueSelector#scoped_relations'
	from /Users/tiago/.local/share/mise/installs/ruby/3.4.5/lib/ruby/gems/3.4.0/gems/solid_queue-1.3.2/app/models/solid_queue/ready_execution.rb:11:in 'SolidQueue::ReadyExecution.claim'
	from /Users/tiago/.local/share/mise/installs/ruby/3.4.5/lib/ruby/gems/3.4.0/gems/solid_queue-1.3.2/lib/solid_queue/worker.rb:41:in 'block in SolidQueue::Worker#claim_executions'
	from /Users/tiago/.local/share/mise/installs/ruby/3.4.5/lib/ruby/gems/3.4.0/gems/solid_queue-1.3.2/lib/solid_queue/processes/poller.rb:47:in 'block (2 levels) in SolidQueue::Processes::Poller#with_polling_volume'
	from /Users/tiago/.local/share/mise/installs/ruby/3.4.5/lib/ruby/gems/3.4.0/gems/activesupport-8.1.2/lib/active_support/logger_silence.rb:18:in 'block in ActiveSupport::LoggerSilence#silence'
	from /Users/tiago/.local/share/mise/installs/ruby/3.4.5/lib/ruby/gems/3.4.0/gems/activesupport-8.1.2/lib/active_support/logger_thread_safe_level.rb:42:in 'ActiveSupport::LoggerThreadSafeLevel#log_at'
	from /Users/tiago/.local/share/mise/installs/ruby/3.4.5/lib/ruby/gems/3.4.0/gems/activesupport-8.1.2/lib/active_support/logger_silence.rb:18:in 'ActiveSupport::LoggerSilence#silence'
	from /Users/tiago/.local/share/mise/installs/ruby/3.4.5/lib/ruby/gems/3.4.0/gems/solid_queue-1.3.2/lib/solid_queue/processes/poller.rb:47:in 'block in SolidQueue::Processes::Poller#with_polling_volume'
	from /Users/tiago/.local/share/mise/installs/ruby/3.4.5/lib/ruby/gems/3.4.0/gems/activesupport-8.1.2/lib/active_support/notifications.rb:210:in 'block in ActiveSupport::Notifications.instrument'
	from /Users/tiago/.local/share/mise/installs/ruby/3.4.5/lib/ruby/gems/3.4.0/gems/activesupport-8.1.2/lib/active_support/notifications/instrumenter.rb:58:in 'ActiveSupport::Notifications::Instrumenter#instrument'
	from /Users/tiago/.local/share/mise/installs/ruby/3.4.5/lib/ruby/gems/3.4.0/gems/activesupport-8.1.2/lib/active_support/notifications.rb:210:in 'ActiveSupport::Notifications.instrument'
	from /Users/tiago/.local/share/mise/installs/ruby/3.4.5/lib/ruby/gems/3.4.0/gems/solid_queue-1.3.2/lib/solid_queue.rb:73:in 'SolidQueue#instrument'
	from /Users/tiago/.local/share/mise/installs/ruby/3.4.5/lib/ruby/gems/3.4.0/gems/solid_queue-1.3.2/lib/solid_queue/processes/poller.rb:45:in 'SolidQueue::Processes::Poller#with_polling_volume'
	from /Users/tiago/.local/share/mise/installs/ruby/3.4.5/lib/ruby/gems/3.4.0/gems/solid_queue-1.3.2/lib/solid_queue/worker.rb:40:in 'SolidQueue::Worker#claim_executions'
	from /Users/tiago/.local/share/mise/installs/ruby/3.4.5/lib/ruby/gems/3.4.0/gems/solid_queue-1.3.2/lib/solid_queue/worker.rb:30:in 'SolidQueue::Worker#poll'
	from /Users/tiago/.local/share/mise/installs/ruby/3.4.5/lib/ruby/gems/3.4.0/gems/solid_queue-1.3.2/lib/solid_queue/processes/poller.rb:29:in 'block (2 levels) in SolidQueue::Processes::Poller#start_loop'
	from /Users/tiago/.local/share/mise/installs/ruby/3.4.5/lib/ruby/gems/3.4.0/gems/activesupport-8.1.2/lib/active_support/execution_wrapper.rb:91:in 'ActiveSupport::ExecutionWrapper.wrap'
	from /Users/tiago/.local/share/mise/installs/ruby/3.4.5/lib/ruby/gems/3.4.0/gems/solid_queue-1.3.2/lib/solid_queue/app_executor.rb:7:in 'SolidQueue::AppExecutor#wrap_in_app_executor'
	from /Users/tiago/.local/share/mise/installs/ruby/3.4.5/lib/ruby/gems/3.4.0/gems/solid_queue-1.3.2/lib/solid_queue/processes/poller.rb:28:in 'block in SolidQueue::Processes::Poller#start_loop'
	from <internal:kernel>:168:in 'Kernel#loop'
	from /Users/tiago/.local/share/mise/installs/ruby/3.4.5/lib/ruby/gems/3.4.0/gems/solid_queue-1.3.2/lib/solid_queue/processes/poller.rb:25:in 'SolidQueue::Processes::Poller#start_loop'
	from /Users/tiago/.local/share/mise/installs/ruby/3.4.5/lib/ruby/gems/3.4.0/gems/solid_queue-1.3.2/lib/solid_queue/processes/poller.rb:21:in 'SolidQueue::Processes::Poller#run'
	from /Users/tiago/.local/share/mise/installs/ruby/3.4.5/lib/ruby/gems/3.4.0/gems/solid_queue-1.3.2/lib/solid_queue/processes/runnable.rb:12:in 'block in SolidQueue::Processes::Runnable#start'
	from /Users/tiago/.local/share/mise/installs/ruby/3.4.5/lib/ruby/gems/3.4.0/gems/solid_queue-1.3.2/lib/solid_queue/processes/runnable.rb:42:in 'Kernel#fork'
	from /Users/tiago/.local/share/mise/installs/ruby/3.4.5/lib/ruby/gems/3.4.0/gems/solid_queue-1.3.2/lib/solid_queue/processes/runnable.rb:42:in 'SolidQueue::Processes::Runnable#run_in_mode'
	from /Users/tiago/.local/share/mise/installs/ruby/3.4.5/lib/ruby/gems/3.4.0/gems/solid_queue-1.3.2/lib/solid_queue/processes/runnable.rb:10:in 'SolidQueue::Processes::Runnable#start'
	from /Users/tiago/.local/share/mise/installs/ruby/3.4.5/lib/ruby/gems/3.4.0/gems/solid_queue-1.3.2/lib/solid_queue/supervisor.rb:93:in 'SolidQueue::Supervisor#start_process'
	from /Users/tiago/.local/share/mise/installs/ruby/3.4.5/lib/ruby/gems/3.4.0/gems/solid_queue-1.3.2/lib/solid_queue/supervisor.rb:66:in 'block in SolidQueue::Supervisor#start_processes'
	from /Users/tiago/.local/share/mise/installs/ruby/3.4.5/lib/ruby/gems/3.4.0/gems/solid_queue-1.3.2/lib/solid_queue/supervisor.rb:66:in 'Array#each'
	from /Users/tiago/.local/share/mise/installs/ruby/3.4.5/lib/ruby/gems/3.4.0/gems/solid_queue-1.3.2/lib/solid_queue/supervisor.rb:66:in 'SolidQueue::Supervisor#start_processes'
	from /Users/tiago/.local/share/mise/installs/ruby/3.4.5/lib/ruby/gems/3.4.0/gems/solid_queue-1.3.2/lib/solid_queue/supervisor.rb:39:in 'SolidQueue::Supervisor#start'
	from <internal:kernel>:91:in 'Kernel#tap'
	from /Users/tiago/.local/share/mise/installs/ruby/3.4.5/lib/ruby/gems/3.4.0/gems/solid_queue-1.3.2/lib/solid_queue/supervisor.rb:17:in 'SolidQueue::Supervisor.start'
	from /Users/tiago/.local/share/mise/installs/ruby/3.4.5/lib/ruby/gems/3.4.0/gems/solid_queue-1.3.2/lib/solid_queue/cli.rb:31:in 'SolidQueue::Cli#start'
	from /Users/tiago/.local/share/mise/installs/ruby/3.4.5/lib/ruby/gems/3.4.0/gems/thor-1.5.0/lib/thor/command.rb:28:in 'Thor::Command#run'
	from /Users/tiago/.local/share/mise/installs/ruby/3.4.5/lib/ruby/gems/3.4.0/gems/thor-1.5.0/lib/thor/invocation.rb:127:in 'Thor::Invocation#invoke_command'
	from /Users/tiago/.local/share/mise/installs/ruby/3.4.5/lib/ruby/gems/3.4.0/gems/thor-1.5.0/lib/thor.rb:538:in 'Thor.dispatch'
	from /Users/tiago/.local/share/mise/installs/ruby/3.4.5/lib/ruby/gems/3.4.0/gems/thor-1.5.0/lib/thor/base.rb:585:in 'Thor::Base::ClassMethods#start'
	from bin/jobs:6:in '<main>'
/Users/tiago/.local/share/mise/installs/ruby/3.4.5/lib/ruby/gems/3.4.0/gems/sqlite3-2.9.1-arm64-darwin/lib/sqlite3/statement.rb:125:in 'SQLite3::Statement#step': no such table: solid_queue_pauses (SQLite3::SQLException)
	from /Users/tiago/.local/share/mise/installs/ruby/3.4.5/lib/ruby/gems/3.4.0/gems/sqlite3-2.9.1-arm64-darwin/lib/sqlite3/statement.rb:125:in 'block in SQLite3::Statement#each'
	from <internal:kernel>:168:in 'Kernel#loop'
	from /Users/tiago/.local/share/mise/installs/ruby/3.4.5/lib/ruby/gems/3.4.0/gems/sqlite3-2.9.1-arm64-darwin/lib/sqlite3/statement.rb:124:in 'SQLite3::Statement#each'
	from /Users/tiago/.local/share/mise/installs/ruby/3.4.5/lib/ruby/gems/3.4.0/gems/activerecord-8.1.2/lib/active_record/connection_adapters/sqlite3/database_statements.rb:115:in 'Enumerable#to_a'
	from /Users/tiago/.local/share/mise/installs/ruby/3.4.5/lib/ruby/gems/3.4.0/gems/activerecord-8.1.2/lib/active_record/connection_adapters/sqlite3/database_statements.rb:115:in 'ActiveRecord::ConnectionAdapters::SQLite3::DatabaseStatements#perform_query'
	from /Users/tiago/.local/share/mise/installs/ruby/3.4.5/lib/ruby/gems/3.4.0/gems/activerecord-8.1.2/lib/active_record/connection_adapters/abstract/database_statements.rb:571:in 'block (2 levels) in ActiveRecord::ConnectionAdapters::DatabaseStatements#raw_execute'
	from /Users/tiago/.local/share/mise/installs/ruby/3.4.5/lib/ruby/gems/3.4.0/gems/activerecord-8.1.2/lib/active_record/connection_adapters/abstract_adapter.rb:1086:in 'block in ActiveRecord::ConnectionAdapters::AbstractAdapter#with_raw_connection'
	from /Users/tiago/.local/share/mise/installs/ruby/3.4.5/lib/ruby/gems/3.4.0/gems/activesupport-8.1.2/lib/active_support/concurrency/null_lock.rb:9:in 'ActiveSupport::Concurrency::NullLock#synchronize'
	from /Users/tiago/.local/share/mise/installs/ruby/3.4.5/lib/ruby/gems/3.4.0/gems/activerecord-8.1.2/lib/active_record/connection_adapters/abstract_adapter.rb:1055:in 'ActiveRecord::ConnectionAdapters::AbstractAdapter#with_raw_connection'
	from /Users/tiago/.local/share/mise/installs/ruby/3.4.5/lib/ruby/gems/3.4.0/gems/activerecord-8.1.2/lib/active_record/connection_adapters/abstract/database_statements.rb:570:in 'block in ActiveRecord::ConnectionAdapters::DatabaseStatements#raw_execute'
	from /Users/tiago/.local/share/mise/installs/ruby/3.4.5/lib/ruby/gems/3.4.0/gems/activesupport-8.1.2/lib/active_support/notifications/instrumenter.rb:58:in 'ActiveSupport::Notifications::Instrumenter#instrument'
	from /Users/tiago/.local/share/mise/installs/ruby/3.4.5/lib/ruby/gems/3.4.0/gems/activerecord-8.1.2/lib/active_record/connection_adapters/abstract_adapter.rb:1206:in 'ActiveRecord::ConnectionAdapters::AbstractAdapter#log'
	from /Users/tiago/.local/share/mise/installs/ruby/3.4.5/lib/ruby/gems/3.4.0/gems/activerecord-8.1.2/lib/active_record/connection_adapters/abstract/database_statements.rb:569:in 'ActiveRecord::ConnectionAdapters::DatabaseStatements#raw_execute'
	from /Users/tiago/.local/share/mise/installs/ruby/3.4.5/lib/ruby/gems/3.4.0/gems/activerecord-8.1.2/lib/active_record/connection_adapters/abstract/database_statements.rb:613:in 'ActiveRecord::ConnectionAdapters::DatabaseStatements#internal_execute'
	from /Users/tiago/.local/share/mise/installs/ruby/3.4.5/lib/ruby/gems/3.4.0/gems/activerecord-8.1.2/lib/active_record/connection_adapters/abstract/database_statements.rb:555:in 'ActiveRecord::ConnectionAdapters::DatabaseStatements#internal_exec_query'
	from /Users/tiago/.local/share/mise/installs/ruby/3.4.5/lib/ruby/gems/3.4.0/gems/activerecord-8.1.2/lib/active_record/connection_adapters/abstract/database_statements.rb:708:in 'ActiveRecord::ConnectionAdapters::DatabaseStatements#select'
	from /Users/tiago/.local/share/mise/installs/ruby/3.4.5/lib/ruby/gems/3.4.0/gems/activerecord-8.1.2/lib/active_record/connection_adapters/abstract/database_statements.rb:76:in 'ActiveRecord::ConnectionAdapters::DatabaseStatements#select_all'
	from /Users/tiago/.local/share/mise/installs/ruby/3.4.5/lib/ruby/gems/3.4.0/gems/activerecord-8.1.2/lib/active_record/connection_adapters/abstract/query_cache.rb:275:in 'block in ActiveRecord::ConnectionAdapters::QueryCache#select_all'
	from /Users/tiago/.local/share/mise/installs/ruby/3.4.5/lib/ruby/gems/3.4.0/gems/activerecord-8.1.2/lib/active_record/connection_adapters/abstract/query_cache.rb:313:in 'block (2 levels) in ActiveRecord::ConnectionAdapters::QueryCache#cache_sql'
	from /Users/tiago/.local/share/mise/installs/ruby/3.4.5/lib/ruby/gems/3.4.0/gems/activerecord-8.1.2/lib/active_record/connection_adapters/abstract/query_cache.rb:90:in 'ActiveRecord::ConnectionAdapters::QueryCache::Store#compute_if_absent'
	from /Users/tiago/.local/share/mise/installs/ruby/3.4.5/lib/ruby/gems/3.4.0/gems/activerecord-8.1.2/lib/active_record/connection_adapters/abstract/query_cache.rb:311:in 'block in ActiveRecord::ConnectionAdapters::QueryCache#cache_sql'
	from /Users/tiago/.local/share/mise/installs/ruby/3.4.5/lib/ruby/gems/3.4.0/gems/activesupport-8.1.2/lib/active_support/concurrency/null_lock.rb:9:in 'ActiveSupport::Concurrency::NullLock#synchronize'
	from /Users/tiago/.local/share/mise/installs/ruby/3.4.5/lib/ruby/gems/3.4.0/gems/activerecord-8.1.2/lib/active_record/connection_adapters/abstract/query_cache.rb:310:in 'ActiveRecord::ConnectionAdapters::QueryCache#cache_sql'
	from /Users/tiago/.local/share/mise/installs/ruby/3.4.5/lib/ruby/gems/3.4.0/gems/activerecord-8.1.2/lib/active_record/connection_adapters/abstract/query_cache.rb:275:in 'ActiveRecord::ConnectionAdapters::QueryCache#select_all'
	from /Users/tiago/.local/share/mise/installs/ruby/3.4.5/lib/ruby/gems/3.4.0/gems/activerecord-8.1.2/lib/active_record/relation/calculations.rb:326:in 'block (2 levels) in ActiveRecord::Calculations#pluck'
	from /Users/tiago/.local/share/mise/installs/ruby/3.4.5/lib/ruby/gems/3.4.0/gems/activerecord-8.1.2/lib/active_record/connection_adapters/abstract/connection_pool.rb:463:in 'ActiveRecord::ConnectionAdapters::ConnectionPool#with_connection'
	from /Users/tiago/.local/share/mise/installs/ruby/3.4.5/lib/ruby/gems/3.4.0/gems/activerecord-8.1.2/lib/active_record/connection_handling.rb:313:in 'ActiveRecord::ConnectionHandling#with_connection'
	from /Users/tiago/.local/share/mise/installs/ruby/3.4.5/lib/ruby/gems/3.4.0/gems/activerecord-8.1.2/lib/active_record/relation/calculations.rb:325:in 'block in ActiveRecord::Calculations#pluck'
	from /Users/tiago/.local/share/mise/installs/ruby/3.4.5/lib/ruby/gems/3.4.0/gems/activerecord-8.1.2/lib/active_record/relation.rb:1494:in 'ActiveRecord::Relation#skip_query_cache_if_necessary'
	from /Users/tiago/.local/share/mise/installs/ruby/3.4.5/lib/ruby/gems/3.4.0/gems/activerecord-8.1.2/lib/active_record/relation/calculations.rb:321:in 'ActiveRecord::Calculations#pluck'
	from /Users/tiago/.local/share/mise/installs/ruby/3.4.5/lib/ruby/gems/3.4.0/gems/solid_queue-1.3.2/app/models/solid_queue/queue_selector.rb:73:in 'SolidQueue::QueueSelector#paused_queues'
	from /Users/tiago/.local/share/mise/installs/ruby/3.4.5/lib/ruby/gems/3.4.0/gems/solid_queue-1.3.2/app/models/solid_queue/queue_selector.rb:23:in 'SolidQueue::QueueSelector#all?'
	from /Users/tiago/.local/share/mise/installs/ruby/3.4.5/lib/ruby/gems/3.4.0/gems/solid_queue-1.3.2/app/models/solid_queue/queue_selector.rb:14:in 'SolidQueue::QueueSelector#scoped_relations'
	from /Users/tiago/.local/share/mise/installs/ruby/3.4.5/lib/ruby/gems/3.4.0/gems/solid_queue-1.3.2/app/models/solid_queue/ready_execution.rb:11:in 'SolidQueue::ReadyExecution.claim'
	from /Users/tiago/.local/share/mise/installs/ruby/3.4.5/lib/ruby/gems/3.4.0/gems/solid_queue-1.3.2/lib/solid_queue/worker.rb:41:in 'block in SolidQueue::Worker#claim_executions'
	from /Users/tiago/.local/share/mise/installs/ruby/3.4.5/lib/ruby/gems/3.4.0/gems/solid_queue-1.3.2/lib/solid_queue/processes/poller.rb:47:in 'block (2 levels) in SolidQueue::Processes::Poller#with_polling_volume'
	from /Users/tiago/.local/share/mise/installs/ruby/3.4.5/lib/ruby/gems/3.4.0/gems/activesupport-8.1.2/lib/active_support/logger_silence.rb:18:in 'block in ActiveSupport::LoggerSilence#silence'
	from /Users/tiago/.local/share/mise/installs/ruby/3.4.5/lib/ruby/gems/3.4.0/gems/activesupport-8.1.2/lib/active_support/logger_thread_safe_level.rb:42:in 'ActiveSupport::LoggerThreadSafeLevel#log_at'
	from /Users/tiago/.local/share/mise/installs/ruby/3.4.5/lib/ruby/gems/3.4.0/gems/activesupport-8.1.2/lib/active_support/logger_silence.rb:18:in 'ActiveSupport::LoggerSilence#silence'
	from /Users/tiago/.local/share/mise/installs/ruby/3.4.5/lib/ruby/gems/3.4.0/gems/solid_queue-1.3.2/lib/solid_queue/processes/poller.rb:47:in 'block in SolidQueue::Processes::Poller#with_polling_volume'
	from /Users/tiago/.local/share/mise/installs/ruby/3.4.5/lib/ruby/gems/3.4.0/gems/activesupport-8.1.2/lib/active_support/notifications.rb:210:in 'block in ActiveSupport::Notifications.instrument'
	from /Users/tiago/.local/share/mise/installs/ruby/3.4.5/lib/ruby/gems/3.4.0/gems/activesupport-8.1.2/lib/active_support/notifications/instrumenter.rb:58:in 'ActiveSupport::Notifications::Instrumenter#instrument'
	from /Users/tiago/.local/share/mise/installs/ruby/3.4.5/lib/ruby/gems/3.4.0/gems/activesupport-8.1.2/lib/active_support/notifications.rb:210:in 'ActiveSupport::Notifications.instrument'
	from /Users/tiago/.local/share/mise/installs/ruby/3.4.5/lib/ruby/gems/3.4.0/gems/solid_queue-1.3.2/lib/solid_queue.rb:73:in 'SolidQueue#instrument'
	from /Users/tiago/.local/share/mise/installs/ruby/3.4.5/lib/ruby/gems/3.4.0/gems/solid_queue-1.3.2/lib/solid_queue/processes/poller.rb:45:in 'SolidQueue::Processes::Poller#with_polling_volume'
	from /Users/tiago/.local/share/mise/installs/ruby/3.4.5/lib/ruby/gems/3.4.0/gems/solid_queue-1.3.2/lib/solid_queue/worker.rb:40:in 'SolidQueue::Worker#claim_executions'
	from /Users/tiago/.local/share/mise/installs/ruby/3.4.5/lib/ruby/gems/3.4.0/gems/solid_queue-1.3.2/lib/solid_queue/worker.rb:30:in 'SolidQueue::Worker#poll'
	from /Users/tiago/.local/share/mise/installs/ruby/3.4.5/lib/ruby/gems/3.4.0/gems/solid_queue-1.3.2/lib/solid_queue/processes/poller.rb:29:in 'block (2 levels) in SolidQueue::Processes::Poller#start_loop'
	from /Users/tiago/.local/share/mise/installs/ruby/3.4.5/lib/ruby/gems/3.4.0/gems/activesupport-8.1.2/lib/active_support/execution_wrapper.rb:91:in 'ActiveSupport::ExecutionWrapper.wrap'
	from /Users/tiago/.local/share/mise/installs/ruby/3.4.5/lib/ruby/gems/3.4.0/gems/solid_queue-1.3.2/lib/solid_queue/app_executor.rb:7:in 'SolidQueue::AppExecutor#wrap_in_app_executor'
	from /Users/tiago/.local/share/mise/installs/ruby/3.4.5/lib/ruby/gems/3.4.0/gems/solid_queue-1.3.2/lib/solid_queue/processes/poller.rb:28:in 'block in SolidQueue::Processes::Poller#start_loop'
	from <internal:kernel>:168:in 'Kernel#loop'
	from /Users/tiago/.local/share/mise/installs/ruby/3.4.5/lib/ruby/gems/3.4.0/gems/solid_queue-1.3.2/lib/solid_queue/processes/poller.rb:25:in 'SolidQueue::Processes::Poller#start_loop'
	from /Users/tiago/.local/share/mise/installs/ruby/3.4.5/lib/ruby/gems/3.4.0/gems/solid_queue-1.3.2/lib/solid_queue/processes/poller.rb:21:in 'SolidQueue::Processes::Poller#run'
	from /Users/tiago/.local/share/mise/installs/ruby/3.4.5/lib/ruby/gems/3.4.0/gems/solid_queue-1.3.2/lib/solid_queue/processes/runnable.rb:12:in 'block in SolidQueue::Processes::Runnable#start'
	from /Users/tiago/.local/share/mise/installs/ruby/3.4.5/lib/ruby/gems/3.4.0/gems/solid_queue-1.3.2/lib/solid_queue/processes/runnable.rb:42:in 'Kernel#fork'
	from /Users/tiago/.local/share/mise/installs/ruby/3.4.5/lib/ruby/gems/3.4.0/gems/solid_queue-1.3.2/lib/solid_queue/processes/runnable.rb:42:in 'SolidQueue::Processes::Runnable#run_in_mode'
	from /Users/tiago/.local/share/mise/installs/ruby/3.4.5/lib/ruby/gems/3.4.0/gems/solid_queue-1.3.2/lib/solid_queue/processes/runnable.rb:10:in 'SolidQueue::Processes::Runnable#start'
	from /Users/tiago/.local/share/mise/installs/ruby/3.4.5/lib/ruby/gems/3.4.0/gems/solid_queue-1.3.2/lib/solid_queue/supervisor.rb:93:in 'SolidQueue::Supervisor#start_process'
	from /Users/tiago/.local/share/mise/installs/ruby/3.4.5/lib/ruby/gems/3.4.0/gems/solid_queue-1.3.2/lib/solid_queue/supervisor.rb:66:in 'block in SolidQueue::Supervisor#start_processes'
	from /Users/tiago/.local/share/mise/installs/ruby/3.4.5/lib/ruby/gems/3.4.0/gems/solid_queue-1.3.2/lib/solid_queue/supervisor.rb:66:in 'Array#each'
	from /Users/tiago/.local/share/mise/installs/ruby/3.4.5/lib/ruby/gems/3.4.0/gems/solid_queue-1.3.2/lib/solid_queue/supervisor.rb:66:in 'SolidQueue::Supervisor#start_processes'
	from /Users/tiago/.local/share/mise/installs/ruby/3.4.5/lib/ruby/gems/3.4.0/gems/solid_queue-1.3.2/lib/solid_queue/supervisor.rb:39:in 'SolidQueue::Supervisor#start'
	from <internal:kernel>:91:in 'Kernel#tap'
	from /Users/tiago/.local/share/mise/installs/ruby/3.4.5/lib/ruby/gems/3.4.0/gems/solid_queue-1.3.2/lib/solid_queue/supervisor.rb:17:in 'SolidQueue::Supervisor.start'
	from /Users/tiago/.local/share/mise/installs/ruby/3.4.5/lib/ruby/gems/3.4.0/gems/solid_queue-1.3.2/lib/solid_queue/cli.rb:31:in 'SolidQueue::Cli#start'
	from /Users/tiago/.local/share/mise/installs/ruby/3.4.5/lib/ruby/gems/3.4.0/gems/thor-1.5.0/lib/thor/command.rb:28:in 'Thor::Command#run'
	from /Users/tiago/.local/share/mise/installs/ruby/3.4.5/lib/ruby/gems/3.4.0/gems/thor-1.5.0/lib/thor/invocation.rb:127:in 'Thor::Invocation#invoke_command'
	from /Users/tiago/.local/share/mise/installs/ruby/3.4.5/lib/ruby/gems/3.4.0/gems/thor-1.5.0/lib/thor.rb:538:in 'Thor.dispatch'
	from /Users/tiago/.local/share/mise/installs/ruby/3.4.5/lib/ruby/gems/3.4.0/gems/thor-1.5.0/lib/thor/base.rb:585:in 'Thor::Base::ClassMethods#start'
	from bin/jobs:6:in '<main>'
